# JRE version: OpenJDK Runtime Environment (21.0.8) (build 21.0.8+-14196175-b1038.72)
# Java VM: OpenJDK 64-Bit Server VM (21.0.8+-14196175-b1038.72, mixed mode, tiered, compressed oops, compressed class ptrs, g1 gc, windows-amd64)
GC Precious Log:
 CardTable entry size: 512
 Card Set container configuration: InlinePtr #cards 5 size 8 Array Of Cards #cards 12 size 40 Howl #buckets 4 coarsen threshold 1843 Howl Bitmap #cards 512 size 80 coarsen threshold 460 Card regions per heap region 1 cards per card region 2048
 CPUs: 4 total, 4 available
 Memory: 7971M
 Large Page Support: Disabled
 NUMA Support: Disabled
 Compressed Oops: Enabled (32-bit)
 Heap Region Size: 1M
 Heap Min Capacity: 8M
 Heap Initial Capacity: 126M
 Heap Max Capacity: 1994M
 Pre-touch: Disabled
 Parallel Workers: 4
 Concurrent Workers: 1
 Concurrent Refinement Workers: 4
 Periodic GC: Disabled
Heap:
 garbage-first heap   total 419840K, used 306688K [0x0000000083600000, 0x0000000100000000)
  region size 1024K, 69 young (70656K), 14 survivors (14336K)
 Metaspace       used 86071K, committed 86336K, reserved 1179648K
  class space    used 9160K, committed 9280K, reserved 1048576K
GC Heap History (20 events):
Event: 39.810 GC heap before
{Heap before GC invocations=33 (full 0):
 garbage-first heap   total 215040K, used 193240K [0x0000000083600000, 0x0000000100000000)
  region size 1024K, 52 young (53248K), 7 survivors (7168K)
 Metaspace       used 68461K, committed 68800K, reserved 1114112K
  class space    used 7758K, committed 7936K, reserved 1048576K
}
Event: 39.834 GC heap after
{Heap after GC invocations=34 (full 0):
 garbage-first heap   total 215040K, used 154386K [0x0000000083600000, 0x0000000100000000)
  region size 1024K, 7 young (7168K), 7 survivors (7168K)
 Metaspace       used 68461K, committed 68800K, reserved 1114112K
  class space    used 7758K, committed 7936K, reserved 1048576K
}
Event: 41.121 GC heap before
{Heap before GC invocations=35 (full 0):
 garbage-first heap   total 256000K, used 193298K [0x0000000083600000, 0x0000000100000000)
  region size 1024K, 46 young (47104K), 7 survivors (7168K)
 Metaspace       used 68477K, committed 68800K, reserved 1114112K
  class space    used 7758K, committed 7936K, reserved 1048576K
}
Event: 41.142 GC heap after
{Heap after GC invocations=36 (full 0):
 garbage-first heap   total 256000K, used 160768K [0x0000000083600000, 0x0000000100000000)
  region size 1024K, 6 young (6144K), 6 survivors (6144K)
 Metaspace       used 68477K, committed 68800K, reserved 1114112K
  class space    used 7758K, committed 7936K, reserved 1048576K
}
Event: 41.512 GC heap before
{Heap before GC invocations=36 (full 0):
 garbage-first heap   total 256000K, used 229376K [0x0000000083600000, 0x0000000100000000)
  region size 1024K, 73 young (74752K), 6 survivors (6144K)
 Metaspace       used 68477K, committed 68800K, reserved 1114112K
  class space    used 7758K, committed 7936K, reserved 1048576K
}
Event: 41.531 GC heap after
{Heap after GC invocations=37 (full 0):
 garbage-first heap   total 256000K, used 174080K [0x0000000083600000, 0x0000000100000000)
  region size 1024K, 10 young (10240K), 10 survivors (10240K)
 Metaspace       used 68477K, committed 68800K, reserved 1114112K
  class space    used 7758K, committed 7936K, reserved 1048576K
}
Event: 44.463 GC heap before
{Heap before GC invocations=37 (full 0):
 garbage-first heap   total 256000K, used 229376K [0x0000000083600000, 0x0000000100000000)
  region size 1024K, 64 young (65536K), 10 survivors (10240K)
 Metaspace       used 68621K, committed 68928K, reserved 1114112K
  class space    used 7770K, committed 7936K, reserved 1048576K
}
Event: 44.487 GC heap after
{Heap after GC invocations=38 (full 0):
 garbage-first heap   total 307200K, used 183808K [0x0000000083600000, 0x0000000100000000)
  region size 1024K, 8 young (8192K), 8 survivors (8192K)
 Metaspace       used 68621K, committed 68928K, reserved 1114112K
  class space    used 7770K, committed 7936K, reserved 1048576K
}
Event: 48.101 GC heap before
{Heap before GC invocations=39 (full 0):
 garbage-first heap   total 307200K, used 268800K [0x0000000083600000, 0x0000000100000000)
  region size 1024K, 91 young (93184K), 8 survivors (8192K)
 Metaspace       used 68749K, committed 69056K, reserved 1114112K
  class space    used 7771K, committed 7936K, reserved 1048576K
}
Event: 48.129 GC heap after
{Heap after GC invocations=40 (full 0):
 garbage-first heap   total 307200K, used 200704K [0x0000000083600000, 0x0000000100000000)
  region size 1024K, 12 young (12288K), 12 survivors (12288K)
 Metaspace       used 68749K, committed 69056K, reserved 1114112K
  class space    used 7771K, committed 7936K, reserved 1048576K
}
Event: 49.120 GC heap before
{Heap before GC invocations=40 (full 0):
 garbage-first heap   total 307200K, used 272384K [0x0000000083600000, 0x0000000100000000)
  region size 1024K, 82 young (83968K), 12 survivors (12288K)
 Metaspace       used 68794K, committed 69120K, reserved 1114112K
  class space    used 7773K, committed 7936K, reserved 1048576K
}
Event: 49.149 GC heap after
{Heap after GC invocations=41 (full 0):
 garbage-first heap   total 307200K, used 215040K [0x0000000083600000, 0x0000000100000000)
  region size 1024K, 11 young (11264K), 11 survivors (11264K)
 Metaspace       used 68794K, committed 69120K, reserved 1114112K
  class space    used 7773K, committed 7936K, reserved 1048576K
}
Event: 52.863 GC heap before
{Heap before GC invocations=41 (full 0):
 garbage-first heap   total 307200K, used 275456K [0x0000000083600000, 0x0000000100000000)
  region size 1024K, 70 young (71680K), 11 survivors (11264K)
 Metaspace       used 68986K, committed 69312K, reserved 1114112K
  class space    used 7776K, committed 7936K, reserved 1048576K
}
Event: 52.886 GC heap after
{Heap after GC invocations=42 (full 0):
 garbage-first heap   total 307200K, used 220672K [0x0000000083600000, 0x0000000100000000)
  region size 1024K, 5 young (5120K), 5 survivors (5120K)
 Metaspace       used 68986K, committed 69312K, reserved 1114112K
  class space    used 7776K, committed 7936K, reserved 1048576K
}
Event: 57.547 GC heap before
{Heap before GC invocations=43 (full 0):
 garbage-first heap   total 368640K, used 280064K [0x0000000083600000, 0x0000000100000000)
  region size 1024K, 63 young (64512K), 5 survivors (5120K)
 Metaspace       used 73025K, committed 73280K, reserved 1114112K
  class space    used 8113K, committed 8256K, reserved 1048576K
}
Event: 57.579 GC heap after
{Heap after GC invocations=44 (full 0):
 garbage-first heap   total 368640K, used 226304K [0x0000000083600000, 0x0000000100000000)
  region size 1024K, 8 young (8192K), 8 survivors (8192K)
 Metaspace       used 73025K, committed 73280K, reserved 1114112K
  class space    used 8113K, committed 8256K, reserved 1048576K
}
Event: 64.807 GC heap before
{Heap before GC invocations=44 (full 0):
 garbage-first heap   total 368640K, used 329728K [0x0000000083600000, 0x0000000100000000)
  region size 1024K, 109 young (111616K), 8 survivors (8192K)
 Metaspace       used 79434K, committed 79808K, reserved 1179648K
  class space    used 8682K, committed 8832K, reserved 1048576K
}
Event: 64.861 GC heap after
{Heap after GC invocations=45 (full 0):
 garbage-first heap   total 368640K, used 236544K [0x0000000083600000, 0x0000000100000000)
  region size 1024K, 14 young (14336K), 14 survivors (14336K)
 Metaspace       used 79434K, committed 79808K, reserved 1179648K
  class space    used 8682K, committed 8832K, reserved 1048576K
}
Event: 71.087 GC heap before
{Heap before GC invocations=45 (full 0):
 garbage-first heap   total 368640K, used 330752K [0x0000000083600000, 0x0000000100000000)
  region size 1024K, 107 young (109568K), 14 survivors (14336K)
 Metaspace       used 84746K, committed 85056K, reserved 1179648K
  class space    used 9059K, committed 9216K, reserved 1048576K
}
Event: 71.159 GC heap after
{Heap after GC invocations=46 (full 0):
 garbage-first heap   total 368640K, used 251392K [0x0000000083600000, 0x0000000100000000)
  region size 1024K, 14 young (14336K), 14 survivors (14336K)
 Metaspace       used 84746K, committed 85056K, reserved 1179648K
  class space    used 9059K, committed 9216K, reserved 1048576K
}

